<?xml version="1.0" encoding="UTF-8"?>
<!-- Generated by org.testng.reporters.JUnitXMLReporter -->
<testsuite ignored="2" hostname="MacBook-Air-cua-Manh.local" failures="0" tests="1" name="Default test" time="6.064" errors="0" timestamp="2026-02-04T10:32:01 GMT+07:00">
  <testcase classname="Railway.LoginTest" name="TC02" time="4.692"/>
  <testcase classname="Railway.LoginTest" name="TC03" time="0.0">
    <ignored/>
  </testcase> <!-- TC03 -->
  <testcase classname="Railway.LoginTest" name="TC01" time="0.0">
    <ignored/>
  </testcase> <!-- TC01 -->
</testsuite> <!-- Default test -->
