<?xml version="1.0" encoding="UTF-8"?>
<!-- Generated by org.testng.reporters.JUnitXMLReporter -->
<testsuite ignored="0" hostname="MacBook-Air-cua-Manh.local" failures="0" tests="3" name="Default test" time="34.741" errors="0" timestamp="2026-02-07T07:40:39 GMT+07:00">
  <testcase classname="Railway.CreateAccount" name="TC07" time="3.918"/>
  <testcase classname="Railway.CreateAccount" name="TC08" time="3.903"/>
  <testcase classname="Railway.CreateAccount" name="TC09" time="22.851"/>
</testsuite> <!-- Default test -->
