<?xml version="1.0" encoding="UTF-8"?>
<!-- Generated by org.testng.reporters.JUnitXMLReporter -->
<testsuite ignored="3" hostname="MacBook-Air-cua-Manh.local" failures="0" tests="1" name="Default test" time="29.749" errors="0" timestamp="2026-02-21T13:37:36 GMT+07:00">
  <testcase classname="Railway.BookTicketTest" name="TC12" time="28.363"/>
  <testcase classname="Railway.BookTicketTest" name="TC14" time="0.0">
    <ignored/>
  </testcase> <!-- TC14 -->
  <testcase classname="Railway.BookTicketTest" name="TC13" time="0.0">
    <ignored/>
  </testcase> <!-- TC13 -->
  <testcase classname="Railway.BookTicketTest" name="TC15" time="0.0">
    <ignored/>
  </testcase> <!-- TC15 -->
</testsuite> <!-- Default test -->
