<?xml version="1.0" encoding="UTF-8"?>
<!-- Generated by org.testng.reporters.JUnitXMLReporter -->
<testsuite ignored="3" hostname="MacBook-Air-cua-Manh.local" failures="0" tests="1" name="Default test" time="26.913" errors="0" timestamp="2026-02-10T00:12:53 GMT+07:00">
  <testcase classname="Railway.BookTicketTest" name="TC14" time="25.602"/>
  <testcase classname="Railway.BookTicketTest" name="TC12" time="0.0">
    <ignored/>
  </testcase> <!-- TC12 -->
  <testcase classname="Railway.BookTicketTest" name="TC15" time="0.0">
    <ignored/>
  </testcase> <!-- TC15 -->
  <testcase classname="Railway.BookTicketTest" name="TC13" time="0.0">
    <ignored/>
  </testcase> <!-- TC13 -->
</testsuite> <!-- Default test -->
