<?xml version="1.0" encoding="UTF-8"?>
<!-- Generated by org.testng.reporters.JUnitXMLReporter -->
<testsuite ignored="2" hostname="MacBook-Air-cua-Manh.local" failures="0" tests="1" name="Default test" time="30.851" errors="0" timestamp="2026-02-06T10:24:48 GMT+07:00">
  <testcase classname="Railway.CreateAccount" name="TC09" time="29.476"/>
  <testcase classname="Railway.CreateAccount" name="TC08" time="0.0">
    <ignored/>
  </testcase> <!-- TC08 -->
  <testcase classname="Railway.CreateAccount" name="TC07" time="0.0">
    <ignored/>
  </testcase> <!-- TC07 -->
</testsuite> <!-- Default test -->
