<?xml version="1.0" encoding="UTF-8"?>
<!-- Generated by org.testng.reporters.JUnitXMLReporter -->
<testsuite ignored="4" hostname="MacBook-Air-cua-Manh.local" failures="0" tests="1" name="Default test" time="15.367" errors="0" timestamp="2026-02-16T20:59:17 GMT+07:00">
  <testcase classname="Railway.LoginTest" name="TC05" time="12.911"/>
  <testcase classname="Railway.LoginTest" name="TC03" time="0.0">
    <ignored/>
  </testcase> <!-- TC03 -->
  <testcase classname="Railway.LoginTest" name="TC04" time="0.0">
    <ignored/>
  </testcase> <!-- TC04 -->
  <testcase classname="Railway.LoginTest" name="TC01" time="0.0">
    <ignored/>
  </testcase> <!-- TC01 -->
  <testcase classname="Railway.LoginTest" name="TC02" time="0.0">
    <ignored/>
  </testcase> <!-- TC02 -->
</testsuite> <!-- Default test -->
