<?xml version="1.0" encoding="UTF-8"?>
<!-- Generated by org.testng.reporters.JUnitXMLReporter -->
<testsuite ignored="4" hostname="MacBook-Air-cua-Manh.local" failures="0" tests="1" name="Default test" time="7.723" errors="0" timestamp="2026-02-06T09:44:31 GMT+07:00">
  <testcase classname="Railway.LoginTest" name="TC05" time="6.425"/>
  <testcase classname="Railway.LoginTest" name="TC04" time="0.0">
    <ignored/>
  </testcase> <!-- TC04 -->
  <testcase classname="Railway.LoginTest" name="TC03" time="0.0">
    <ignored/>
  </testcase> <!-- TC03 -->
  <testcase classname="Railway.LoginTest" name="TC02" time="0.0">
    <ignored/>
  </testcase> <!-- TC02 -->
  <testcase classname="Railway.LoginTest" name="TC01" time="0.0">
    <ignored/>
  </testcase> <!-- TC01 -->
</testsuite> <!-- Default test -->
