<?xml version="1.0" encoding="UTF-8"?>
<!-- Generated by org.testng.reporters.JUnitXMLReporter -->
<testsuite ignored="0" hostname="MacBook-Air-cua-Manh.local" failures="1" tests="1" name="Test" time="64.973" errors="0" timestamp="2026-02-04T09:48:29 GMT+07:00">
  <testcase classname="Railway.LoginTest" name="TC01" time="4.631">
    <failure type="java.lang.AssertionError" message="Welcome message is not displayed as expected expected [Welcome lengocmanhhun@gmail.com] but found []">
      <![CDATA[java.lang.AssertionError: Welcome message is not displayed as expected expected [Welcome lengocmanhhun@gmail.com] but found []
at Railway.LoginTest.TC01(LoginTest.java:21)
at java.base/java.util.ArrayList.forEach(ArrayList.java:1604)
... Removed 30 stack frames]]>
    </failure>
  </testcase> <!-- TC01 -->
</testsuite> <!-- Test -->
