<?xml version="1.0" encoding="UTF-8"?>
<testng-results ignored="0" total="16" passed="11" failed="5" skipped="0">
  <reporter-output>
  </reporter-output>
  <suite started-at="2026-02-21T17:23:49 GMT+07:00" name="Railway Automation Test Suite" finished-at="2026-02-21T17:29:39 GMT+07:00" duration-ms="349954">
    <groups>
    </groups>
    <test started-at="2026-02-21T17:23:49 GMT+07:00" name="Test" finished-at="2026-02-21T17:29:39 GMT+07:00" duration-ms="349954">
      <class name="Railway.ResetPasswordTest">
        <test-method is-config="true" signature="beforeMethod(java.lang.String)[pri:0, instance:Railway.ResetPasswordTest@14dd9eb7]" started-at="2026-02-21T17:25:42 GMT+07:00" name="beforeMethod" finished-at="2026-02-21T17:25:44 GMT+07:00" duration-ms="1639" status="PASS">
          <params>
            <param index="0">
              <value>
                <![CDATA[firefox]]>
              </value>
            </param>
          </params>
          <reporter-output>
          </reporter-output>
        </test-method> <!-- beforeMethod -->
        <test-method signature="TC10()[pri:0, instance:Railway.ResetPasswordTest@14dd9eb7]" started-at="2026-02-21T17:25:44 GMT+07:00" name="TC10" finished-at="2026-02-21T17:26:32 GMT+07:00" duration-ms="48170" status="FAIL">
          <exception class="java.lang.AssertionError">
            <message>
              <![CDATA[Error message when reset password is not displayed as expected expected [The new password cannot be the same with the current password] but found [Password changed! Click here to login.]]]>
            </message>
            <full-stacktrace>
              <![CDATA[java.lang.AssertionError: Error message when reset password is not displayed as expected expected [The new password cannot be the same with the current password] but found [Password changed! Click here to login.]
at org.testng.Assert.fail(Assert.java:111)
at org.testng.Assert.failNotEquals(Assert.java:1590)
at org.testng.Assert.assertEqualsImpl(Assert.java:150)
at org.testng.Assert.assertEquals(Assert.java:132)
at org.testng.Assert.assertEquals(Assert.java:656)
at Railway.ResetPasswordTest.TC10(ResetPasswordTest.java:57)
at java.base/jdk.internal.reflect.DirectMethodHandleAccessor.invoke(DirectMethodHandleAccessor.java:104)
at java.base/java.lang.reflect.Method.invoke(Method.java:565)
at org.testng.internal.invokers.MethodInvocationHelper.invokeMethod(MethodInvocationHelper.java:141)
at org.testng.internal.invokers.TestInvoker.invokeMethod(TestInvoker.java:687)
at org.testng.internal.invokers.TestInvoker.invokeTestMethod(TestInvoker.java:230)
at org.testng.internal.invokers.MethodRunner.runInSequence(MethodRunner.java:63)
at org.testng.internal.invokers.TestInvoker$MethodInvocationAgent.invoke(TestInvoker.java:995)
at org.testng.internal.invokers.TestInvoker.invokeTestMethods(TestInvoker.java:203)
at org.testng.internal.invokers.TestMethodWorker.invokeTestMethods(TestMethodWorker.java:154)
at org.testng.internal.invokers.TestMethodWorker.run(TestMethodWorker.java:134)
at java.base/java.util.concurrent.Executors$RunnableAdapter.call(Executors.java:545)
at java.base/java.util.concurrent.FutureTask.run(FutureTask.java:328)
at org.testng.internal.thread.graph.TestNGFutureTask.run(TestNGFutureTask.java:22)
at java.base/java.util.concurrent.ThreadPoolExecutor.runWorker(ThreadPoolExecutor.java:1090)
at java.base/java.util.concurrent.ThreadPoolExecutor$Worker.run(ThreadPoolExecutor.java:614)
at java.base/java.lang.Thread.run(Thread.java:1474)
]]>
            </full-stacktrace>
          </exception> <!-- java.lang.AssertionError -->
          <reporter-output>
          </reporter-output>
        </test-method> <!-- TC10 -->
        <test-method is-config="true" signature="afterMethod()[pri:0, instance:Railway.ResetPasswordTest@14dd9eb7]" started-at="2026-02-21T17:26:32 GMT+07:00" name="afterMethod" finished-at="2026-02-21T17:26:32 GMT+07:00" duration-ms="385" status="PASS">
          <reporter-output>
          </reporter-output>
        </test-method> <!-- afterMethod -->
        <test-method is-config="true" signature="beforeMethod(java.lang.String)[pri:0, instance:Railway.ResetPasswordTest@14dd9eb7]" started-at="2026-02-21T17:26:32 GMT+07:00" name="beforeMethod" finished-at="2026-02-21T17:26:34 GMT+07:00" duration-ms="1655" status="PASS">
          <params>
            <param index="0">
              <value>
                <![CDATA[firefox]]>
              </value>
            </param>
          </params>
          <reporter-output>
          </reporter-output>
        </test-method> <!-- beforeMethod -->
        <test-method signature="TC11()[pri:0, instance:Railway.ResetPasswordTest@14dd9eb7]" started-at="2026-02-21T17:26:34 GMT+07:00" name="TC11" finished-at="2026-02-21T17:27:31 GMT+07:00" duration-ms="57264" status="PASS">
          <reporter-output>
          </reporter-output>
        </test-method> <!-- TC11 -->
        <test-method is-config="true" signature="afterMethod()[pri:0, instance:Railway.ResetPasswordTest@14dd9eb7]" started-at="2026-02-21T17:27:31 GMT+07:00" name="afterMethod" finished-at="2026-02-21T17:27:32 GMT+07:00" duration-ms="374" status="PASS">
          <reporter-output>
          </reporter-output>
        </test-method> <!-- afterMethod -->
      </class> <!-- Railway.ResetPasswordTest -->
      <class name="Railway.LoginTest">
        <test-method is-config="true" signature="beforeMethod(java.lang.String)[pri:0, instance:Railway.LoginTest@7ed7259e]" started-at="2026-02-21T17:23:49 GMT+07:00" name="beforeMethod" finished-at="2026-02-21T17:23:51 GMT+07:00" duration-ms="2295" status="PASS">
          <params>
            <param index="0">
              <value>
                <![CDATA[firefox]]>
              </value>
            </param>
          </params>
          <reporter-output>
          </reporter-output>
        </test-method> <!-- beforeMethod -->
        <test-method signature="TC01()[pri:0, instance:Railway.LoginTest@7ed7259e]" started-at="2026-02-21T17:23:51 GMT+07:00" name="TC01" finished-at="2026-02-21T17:23:55 GMT+07:00" duration-ms="3485" status="PASS">
          <reporter-output>
          </reporter-output>
        </test-method> <!-- TC01 -->
        <test-method is-config="true" signature="afterMethod()[pri:0, instance:Railway.LoginTest@7ed7259e]" started-at="2026-02-21T17:23:55 GMT+07:00" name="afterMethod" finished-at="2026-02-21T17:23:55 GMT+07:00" duration-ms="360" status="PASS">
          <reporter-output>
          </reporter-output>
        </test-method> <!-- afterMethod -->
        <test-method is-config="true" signature="beforeMethod(java.lang.String)[pri:0, instance:Railway.LoginTest@7ed7259e]" started-at="2026-02-21T17:23:55 GMT+07:00" name="beforeMethod" finished-at="2026-02-21T17:23:57 GMT+07:00" duration-ms="1620" status="PASS">
          <params>
            <param index="0">
              <value>
                <![CDATA[firefox]]>
              </value>
            </param>
          </params>
          <reporter-output>
          </reporter-output>
        </test-method> <!-- beforeMethod -->
        <test-method signature="TC02()[pri:0, instance:Railway.LoginTest@7ed7259e]" started-at="2026-02-21T17:23:57 GMT+07:00" name="TC02" finished-at="2026-02-21T17:24:04 GMT+07:00" duration-ms="7440" status="PASS">
          <reporter-output>
          </reporter-output>
        </test-method> <!-- TC02 -->
        <test-method is-config="true" signature="afterMethod()[pri:0, instance:Railway.LoginTest@7ed7259e]" started-at="2026-02-21T17:24:04 GMT+07:00" name="afterMethod" finished-at="2026-02-21T17:24:04 GMT+07:00" duration-ms="348" status="PASS">
          <reporter-output>
          </reporter-output>
        </test-method> <!-- afterMethod -->
        <test-method is-config="true" signature="beforeMethod(java.lang.String)[pri:0, instance:Railway.LoginTest@7ed7259e]" started-at="2026-02-21T17:24:04 GMT+07:00" name="beforeMethod" finished-at="2026-02-21T17:24:06 GMT+07:00" duration-ms="1629" status="PASS">
          <params>
            <param index="0">
              <value>
                <![CDATA[firefox]]>
              </value>
            </param>
          </params>
          <reporter-output>
          </reporter-output>
        </test-method> <!-- beforeMethod -->
        <test-method signature="TC03()[pri:0, instance:Railway.LoginTest@7ed7259e]" started-at="2026-02-21T17:24:06 GMT+07:00" name="TC03" finished-at="2026-02-21T17:24:15 GMT+07:00" duration-ms="9257" status="FAIL">
          <exception class="java.lang.AssertionError">
            <message>
              <![CDATA[Error message is not displayed as expected expected [There was a problem with your login and/or errors exist in your form.] but found [Invalid username or password. Please try again.]]]>
            </message>
            <full-stacktrace>
              <![CDATA[java.lang.AssertionError: Error message is not displayed as expected expected [There was a problem with your login and/or errors exist in your form.] but found [Invalid username or password. Please try again.]
at org.testng.Assert.fail(Assert.java:111)
at org.testng.Assert.failNotEquals(Assert.java:1590)
at org.testng.Assert.assertEqualsImpl(Assert.java:150)
at org.testng.Assert.assertEquals(Assert.java:132)
at org.testng.Assert.assertEquals(Assert.java:656)
at Railway.LoginTest.TC03(LoginTest.java:98)
at java.base/jdk.internal.reflect.DirectMethodHandleAccessor.invoke(DirectMethodHandleAccessor.java:104)
at java.base/java.lang.reflect.Method.invoke(Method.java:565)
at org.testng.internal.invokers.MethodInvocationHelper.invokeMethod(MethodInvocationHelper.java:141)
at org.testng.internal.invokers.TestInvoker.invokeMethod(TestInvoker.java:687)
at org.testng.internal.invokers.TestInvoker.invokeTestMethod(TestInvoker.java:230)
at org.testng.internal.invokers.MethodRunner.runInSequence(MethodRunner.java:63)
at org.testng.internal.invokers.TestInvoker$MethodInvocationAgent.invoke(TestInvoker.java:995)
at org.testng.internal.invokers.TestInvoker.invokeTestMethods(TestInvoker.java:203)
at org.testng.internal.invokers.TestMethodWorker.invokeTestMethods(TestMethodWorker.java:154)
at org.testng.internal.invokers.TestMethodWorker.run(TestMethodWorker.java:134)
at java.base/java.util.concurrent.Executors$RunnableAdapter.call(Executors.java:545)
at java.base/java.util.concurrent.FutureTask.run(FutureTask.java:328)
at org.testng.internal.thread.graph.TestNGFutureTask.run(TestNGFutureTask.java:22)
at java.base/java.util.concurrent.ThreadPoolExecutor.runWorker(ThreadPoolExecutor.java:1090)
at java.base/java.util.concurrent.ThreadPoolExecutor$Worker.run(ThreadPoolExecutor.java:614)
at java.base/java.lang.Thread.run(Thread.java:1474)
]]>
            </full-stacktrace>
          </exception> <!-- java.lang.AssertionError -->
          <reporter-output>
          </reporter-output>
        </test-method> <!-- TC03 -->
        <test-method is-config="true" signature="afterMethod()[pri:0, instance:Railway.LoginTest@7ed7259e]" started-at="2026-02-21T17:24:15 GMT+07:00" name="afterMethod" finished-at="2026-02-21T17:24:16 GMT+07:00" duration-ms="348" status="PASS">
          <reporter-output>
          </reporter-output>
        </test-method> <!-- afterMethod -->
        <test-method is-config="true" signature="beforeMethod(java.lang.String)[pri:0, instance:Railway.LoginTest@7ed7259e]" started-at="2026-02-21T17:24:16 GMT+07:00" name="beforeMethod" finished-at="2026-02-21T17:24:17 GMT+07:00" duration-ms="1626" status="PASS">
          <params>
            <param index="0">
              <value>
                <![CDATA[firefox]]>
              </value>
            </param>
          </params>
          <reporter-output>
          </reporter-output>
        </test-method> <!-- beforeMethod -->
        <test-method signature="TC04()[pri:0, instance:Railway.LoginTest@7ed7259e]" started-at="2026-02-21T17:24:17 GMT+07:00" name="TC04" finished-at="2026-02-21T17:24:40 GMT+07:00" duration-ms="22906" status="FAIL">
          <exception class="java.lang.AssertionError">
            <message>
              <![CDATA[Error message is not displayed as expected expected [You have used 4 out of 5 login attempts. After all 5 have been used, you will be unable to login for 15 minutes.] but found [Invalid username or password. Please try again.]]]>
            </message>
            <full-stacktrace>
              <![CDATA[java.lang.AssertionError: Error message is not displayed as expected expected [You have used 4 out of 5 login attempts. After all 5 have been used, you will be unable to login for 15 minutes.] but found [Invalid username or password. Please try again.]
at org.testng.Assert.fail(Assert.java:111)
at org.testng.Assert.failNotEquals(Assert.java:1590)
at org.testng.Assert.assertEqualsImpl(Assert.java:150)
at org.testng.Assert.assertEquals(Assert.java:132)
at org.testng.Assert.assertEquals(Assert.java:656)
at Railway.LoginTest.TC04(LoginTest.java:134)
at java.base/jdk.internal.reflect.DirectMethodHandleAccessor.invoke(DirectMethodHandleAccessor.java:104)
at java.base/java.lang.reflect.Method.invoke(Method.java:565)
at org.testng.internal.invokers.MethodInvocationHelper.invokeMethod(MethodInvocationHelper.java:141)
at org.testng.internal.invokers.TestInvoker.invokeMethod(TestInvoker.java:687)
at org.testng.internal.invokers.TestInvoker.invokeTestMethod(TestInvoker.java:230)
at org.testng.internal.invokers.MethodRunner.runInSequence(MethodRunner.java:63)
at org.testng.internal.invokers.TestInvoker$MethodInvocationAgent.invoke(TestInvoker.java:995)
at org.testng.internal.invokers.TestInvoker.invokeTestMethods(TestInvoker.java:203)
at org.testng.internal.invokers.TestMethodWorker.invokeTestMethods(TestMethodWorker.java:154)
at org.testng.internal.invokers.TestMethodWorker.run(TestMethodWorker.java:134)
at java.base/java.util.concurrent.Executors$RunnableAdapter.call(Executors.java:545)
at java.base/java.util.concurrent.FutureTask.run(FutureTask.java:328)
at org.testng.internal.thread.graph.TestNGFutureTask.run(TestNGFutureTask.java:22)
at java.base/java.util.concurrent.ThreadPoolExecutor.runWorker(ThreadPoolExecutor.java:1090)
at java.base/java.util.concurrent.ThreadPoolExecutor$Worker.run(ThreadPoolExecutor.java:614)
at java.base/java.lang.Thread.run(Thread.java:1474)
]]>
            </full-stacktrace>
          </exception> <!-- java.lang.AssertionError -->
          <reporter-output>
          </reporter-output>
        </test-method> <!-- TC04 -->
        <test-method is-config="true" signature="afterMethod()[pri:0, instance:Railway.LoginTest@7ed7259e]" started-at="2026-02-21T17:24:40 GMT+07:00" name="afterMethod" finished-at="2026-02-21T17:24:41 GMT+07:00" duration-ms="349" status="PASS">
          <reporter-output>
          </reporter-output>
        </test-method> <!-- afterMethod -->
        <test-method is-config="true" signature="beforeMethod(java.lang.String)[pri:0, instance:Railway.LoginTest@7ed7259e]" started-at="2026-02-21T17:24:41 GMT+07:00" name="beforeMethod" finished-at="2026-02-21T17:24:42 GMT+07:00" duration-ms="1624" status="PASS">
          <params>
            <param index="0">
              <value>
                <![CDATA[firefox]]>
              </value>
            </param>
          </params>
          <reporter-output>
          </reporter-output>
        </test-method> <!-- beforeMethod -->
        <test-method signature="TC05()[pri:0, instance:Railway.LoginTest@7ed7259e]" started-at="2026-02-21T17:24:42 GMT+07:00" name="TC05" finished-at="2026-02-21T17:24:54 GMT+07:00" duration-ms="11521" status="PASS">
          <reporter-output>
          </reporter-output>
        </test-method> <!-- TC05 -->
        <test-method is-config="true" signature="afterMethod()[pri:0, instance:Railway.LoginTest@7ed7259e]" started-at="2026-02-21T17:24:54 GMT+07:00" name="afterMethod" finished-at="2026-02-21T17:24:54 GMT+07:00" duration-ms="348" status="PASS">
          <reporter-output>
          </reporter-output>
        </test-method> <!-- afterMethod -->
      </class> <!-- Railway.LoginTest -->
      <class name="Railway.CreateAccountTest">
        <test-method is-config="true" signature="beforeMethod(java.lang.String)[pri:0, instance:Railway.CreateAccountTest@42e99e4a]" started-at="2026-02-21T17:25:04 GMT+07:00" name="beforeMethod" finished-at="2026-02-21T17:25:06 GMT+07:00" duration-ms="1645" status="PASS">
          <params>
            <param index="0">
              <value>
                <![CDATA[firefox]]>
              </value>
            </param>
          </params>
          <reporter-output>
          </reporter-output>
        </test-method> <!-- beforeMethod -->
        <test-method signature="TC07()[pri:0, instance:Railway.CreateAccountTest@42e99e4a]" started-at="2026-02-21T17:25:06 GMT+07:00" name="TC07" finished-at="2026-02-21T17:25:09 GMT+07:00" duration-ms="2882" status="PASS">
          <reporter-output>
          </reporter-output>
        </test-method> <!-- TC07 -->
        <test-method is-config="true" signature="afterMethod()[pri:0, instance:Railway.CreateAccountTest@42e99e4a]" started-at="2026-02-21T17:25:09 GMT+07:00" name="afterMethod" finished-at="2026-02-21T17:25:09 GMT+07:00" duration-ms="362" status="PASS">
          <reporter-output>
          </reporter-output>
        </test-method> <!-- afterMethod -->
        <test-method is-config="true" signature="beforeMethod(java.lang.String)[pri:0, instance:Railway.CreateAccountTest@42e99e4a]" started-at="2026-02-21T17:25:09 GMT+07:00" name="beforeMethod" finished-at="2026-02-21T17:25:11 GMT+07:00" duration-ms="1599" status="PASS">
          <params>
            <param index="0">
              <value>
                <![CDATA[firefox]]>
              </value>
            </param>
          </params>
          <reporter-output>
          </reporter-output>
        </test-method> <!-- beforeMethod -->
        <test-method signature="TC08()[pri:0, instance:Railway.CreateAccountTest@42e99e4a]" started-at="2026-02-21T17:25:11 GMT+07:00" name="TC08" finished-at="2026-02-21T17:25:14 GMT+07:00" duration-ms="3359" status="PASS">
          <reporter-output>
          </reporter-output>
        </test-method> <!-- TC08 -->
        <test-method is-config="true" signature="afterMethod()[pri:0, instance:Railway.CreateAccountTest@42e99e4a]" started-at="2026-02-21T17:25:14 GMT+07:00" name="afterMethod" finished-at="2026-02-21T17:25:14 GMT+07:00" duration-ms="344" status="PASS">
          <reporter-output>
          </reporter-output>
        </test-method> <!-- afterMethod -->
        <test-method is-config="true" signature="beforeMethod(java.lang.String)[pri:0, instance:Railway.CreateAccountTest@42e99e4a]" started-at="2026-02-21T17:25:14 GMT+07:00" name="beforeMethod" finished-at="2026-02-21T17:25:16 GMT+07:00" duration-ms="1633" status="PASS">
          <params>
            <param index="0">
              <value>
                <![CDATA[firefox]]>
              </value>
            </param>
          </params>
          <reporter-output>
          </reporter-output>
        </test-method> <!-- beforeMethod -->
        <test-method signature="TC09()[pri:0, instance:Railway.CreateAccountTest@42e99e4a]" started-at="2026-02-21T17:25:16 GMT+07:00" name="TC09" finished-at="2026-02-21T17:25:42 GMT+07:00" duration-ms="25913" status="PASS">
          <reporter-output>
          </reporter-output>
        </test-method> <!-- TC09 -->
        <test-method is-config="true" signature="afterMethod()[pri:0, instance:Railway.CreateAccountTest@42e99e4a]" started-at="2026-02-21T17:25:42 GMT+07:00" name="afterMethod" finished-at="2026-02-21T17:25:42 GMT+07:00" duration-ms="348" status="PASS">
          <reporter-output>
          </reporter-output>
        </test-method> <!-- afterMethod -->
      </class> <!-- Railway.CreateAccountTest -->
      <class name="Railway.CancelBookingTest">
        <test-method is-config="true" signature="beforeMethod(java.lang.String)[pri:0, instance:Railway.CancelBookingTest@6c80d78a]" started-at="2026-02-21T17:29:14 GMT+07:00" name="beforeMethod" finished-at="2026-02-21T17:29:15 GMT+07:00" duration-ms="1634" status="PASS">
          <params>
            <param index="0">
              <value>
                <![CDATA[firefox]]>
              </value>
            </param>
          </params>
          <reporter-output>
          </reporter-output>
        </test-method> <!-- beforeMethod -->
        <test-method signature="TC16()[pri:0, instance:Railway.CancelBookingTest@6c80d78a]" started-at="2026-02-21T17:29:15 GMT+07:00" name="TC16" finished-at="2026-02-21T17:29:39 GMT+07:00" duration-ms="23319" status="FAIL">
          <exception class="java.lang.AssertionError">
            <message>
              <![CDATA[Ticket is not disappeared as expected expected [false] but found [true]]]>
            </message>
            <full-stacktrace>
              <![CDATA[java.lang.AssertionError: Ticket is not disappeared as expected expected [false] but found [true]
at org.testng.Assert.fail(Assert.java:111)
at org.testng.Assert.failNotEquals(Assert.java:1590)
at org.testng.Assert.assertFalse(Assert.java:79)
at Railway.CancelBookingTest.TC16(CancelBookingTest.java:50)
at java.base/jdk.internal.reflect.DirectMethodHandleAccessor.invoke(DirectMethodHandleAccessor.java:104)
at java.base/java.lang.reflect.Method.invoke(Method.java:565)
at org.testng.internal.invokers.MethodInvocationHelper.invokeMethod(MethodInvocationHelper.java:141)
at org.testng.internal.invokers.TestInvoker.invokeMethod(TestInvoker.java:687)
at org.testng.internal.invokers.TestInvoker.invokeTestMethod(TestInvoker.java:230)
at org.testng.internal.invokers.MethodRunner.runInSequence(MethodRunner.java:63)
at org.testng.internal.invokers.TestInvoker$MethodInvocationAgent.invoke(TestInvoker.java:995)
at org.testng.internal.invokers.TestInvoker.invokeTestMethods(TestInvoker.java:203)
at org.testng.internal.invokers.TestMethodWorker.invokeTestMethods(TestMethodWorker.java:154)
at org.testng.internal.invokers.TestMethodWorker.run(TestMethodWorker.java:134)
at java.base/java.util.concurrent.Executors$RunnableAdapter.call(Executors.java:545)
at java.base/java.util.concurrent.FutureTask.run(FutureTask.java:328)
at org.testng.internal.thread.graph.TestNGFutureTask.run(TestNGFutureTask.java:22)
at java.base/java.util.concurrent.ThreadPoolExecutor.runWorker(ThreadPoolExecutor.java:1090)
at java.base/java.util.concurrent.ThreadPoolExecutor$Worker.run(ThreadPoolExecutor.java:614)
at java.base/java.lang.Thread.run(Thread.java:1474)
]]>
            </full-stacktrace>
          </exception> <!-- java.lang.AssertionError -->
          <reporter-output>
          </reporter-output>
        </test-method> <!-- TC16 -->
        <test-method is-config="true" signature="afterMethod()[pri:0, instance:Railway.CancelBookingTest@6c80d78a]" started-at="2026-02-21T17:29:39 GMT+07:00" name="afterMethod" finished-at="2026-02-21T17:29:39 GMT+07:00" duration-ms="350" status="PASS">
          <reporter-output>
          </reporter-output>
        </test-method> <!-- afterMethod -->
      </class> <!-- Railway.CancelBookingTest -->
      <class name="Railway.BookTicketTest">
        <test-method is-config="true" signature="beforeMethod(java.lang.String)[pri:0, instance:Railway.BookTicketTest@52e6fdee]" started-at="2026-02-21T17:27:32 GMT+07:00" name="beforeMethod" finished-at="2026-02-21T17:27:33 GMT+07:00" duration-ms="1663" status="PASS">
          <params>
            <param index="0">
              <value>
                <![CDATA[firefox]]>
              </value>
            </param>
          </params>
          <reporter-output>
          </reporter-output>
        </test-method> <!-- beforeMethod -->
        <test-method signature="TC12()[pri:0, instance:Railway.BookTicketTest@52e6fdee]" started-at="2026-02-21T17:27:33 GMT+07:00" name="TC12" finished-at="2026-02-21T17:27:56 GMT+07:00" duration-ms="23065" status="PASS">
          <reporter-output>
          </reporter-output>
        </test-method> <!-- TC12 -->
        <test-method is-config="true" signature="afterMethod()[pri:0, instance:Railway.BookTicketTest@52e6fdee]" started-at="2026-02-21T17:27:56 GMT+07:00" name="afterMethod" finished-at="2026-02-21T17:27:57 GMT+07:00" duration-ms="360" status="PASS">
          <reporter-output>
          </reporter-output>
        </test-method> <!-- afterMethod -->
        <test-method is-config="true" signature="beforeMethod(java.lang.String)[pri:0, instance:Railway.BookTicketTest@52e6fdee]" started-at="2026-02-21T17:27:57 GMT+07:00" name="beforeMethod" finished-at="2026-02-21T17:27:58 GMT+07:00" duration-ms="1641" status="PASS">
          <params>
            <param index="0">
              <value>
                <![CDATA[firefox]]>
              </value>
            </param>
          </params>
          <reporter-output>
          </reporter-output>
        </test-method> <!-- beforeMethod -->
        <test-method signature="TC13()[pri:0, instance:Railway.BookTicketTest@52e6fdee]" started-at="2026-02-21T17:27:58 GMT+07:00" name="TC13" finished-at="2026-02-21T17:28:24 GMT+07:00" duration-ms="25983" status="PASS">
          <reporter-output>
          </reporter-output>
        </test-method> <!-- TC13 -->
        <test-method is-config="true" signature="afterMethod()[pri:0, instance:Railway.BookTicketTest@52e6fdee]" started-at="2026-02-21T17:28:24 GMT+07:00" name="afterMethod" finished-at="2026-02-21T17:28:25 GMT+07:00" duration-ms="355" status="PASS">
          <reporter-output>
          </reporter-output>
        </test-method> <!-- afterMethod -->
        <test-method is-config="true" signature="beforeMethod(java.lang.String)[pri:0, instance:Railway.BookTicketTest@52e6fdee]" started-at="2026-02-21T17:28:25 GMT+07:00" name="beforeMethod" finished-at="2026-02-21T17:28:26 GMT+07:00" duration-ms="1661" status="PASS">
          <params>
            <param index="0">
              <value>
                <![CDATA[firefox]]>
              </value>
            </param>
          </params>
          <reporter-output>
          </reporter-output>
        </test-method> <!-- beforeMethod -->
        <test-method signature="TC14()[pri:0, instance:Railway.BookTicketTest@52e6fdee]" started-at="2026-02-21T17:28:26 GMT+07:00" name="TC14" finished-at="2026-02-21T17:28:49 GMT+07:00" duration-ms="22224" status="PASS">
          <reporter-output>
          </reporter-output>
        </test-method> <!-- TC14 -->
        <test-method is-config="true" signature="afterMethod()[pri:0, instance:Railway.BookTicketTest@52e6fdee]" started-at="2026-02-21T17:28:49 GMT+07:00" name="afterMethod" finished-at="2026-02-21T17:28:49 GMT+07:00" duration-ms="914" status="PASS">
          <reporter-output>
          </reporter-output>
        </test-method> <!-- afterMethod -->
        <test-method is-config="true" signature="beforeMethod(java.lang.String)[pri:0, instance:Railway.BookTicketTest@52e6fdee]" started-at="2026-02-21T17:28:49 GMT+07:00" name="beforeMethod" finished-at="2026-02-21T17:28:51 GMT+07:00" duration-ms="1652" status="PASS">
          <params>
            <param index="0">
              <value>
                <![CDATA[firefox]]>
              </value>
            </param>
          </params>
          <reporter-output>
          </reporter-output>
        </test-method> <!-- beforeMethod -->
        <test-method signature="TC15()[pri:0, instance:Railway.BookTicketTest@52e6fdee]" started-at="2026-02-21T17:28:51 GMT+07:00" name="TC15" finished-at="2026-02-21T17:29:13 GMT+07:00" duration-ms="22061" status="FAIL">
          <exception class="org.openqa.selenium.NoSuchElementException">
            <message>
              <![CDATA[Cannot locate option with text: 2/22/2026
For documentation on this error, please visit: https://www.selenium.dev/documentation/webdriver/troubleshooting/errors#nosuchelementexception
Build info: version: '4.40.0', revision: 'b3333f1'
System info: os.name: 'Mac OS X', os.arch: 'aarch64', os.version: '15.7.3', java.version: '25.0.2'
Driver info: driver.version: unknown]]>
            </message>
            <full-stacktrace>
              <![CDATA[org.openqa.selenium.NoSuchElementException: Cannot locate option with text: 2/22/2026
For documentation on this error, please visit: https://www.selenium.dev/documentation/webdriver/troubleshooting/errors#nosuchelementexception
Build info: version: '4.40.0', revision: 'b3333f1'
System info: os.name: 'Mac OS X', os.arch: 'aarch64', os.version: '15.7.3', java.version: '25.0.2'
Driver info: driver.version: unknown
at org.openqa.selenium.support.ui.Select.selectByVisibleText(Select.java:400)
at org.openqa.selenium.support.ui.Select.selectByVisibleText(Select.java:128)
at Railway.BookTicketPage.selectDepartDate(BookTicketPage.java:66)
at Railway.BookTicketPage.bookNewTicketWithCurrentRoute(BookTicketPage.java:114)
at Railway.BookTicketTest.TC15(BookTicketTest.java:232)
at java.base/jdk.internal.reflect.DirectMethodHandleAccessor.invoke(DirectMethodHandleAccessor.java:104)
at java.base/java.lang.reflect.Method.invoke(Method.java:565)
at org.testng.internal.invokers.MethodInvocationHelper.invokeMethod(MethodInvocationHelper.java:141)
at org.testng.internal.invokers.TestInvoker.invokeMethod(TestInvoker.java:687)
at org.testng.internal.invokers.TestInvoker.invokeTestMethod(TestInvoker.java:230)
at org.testng.internal.invokers.MethodRunner.runInSequence(MethodRunner.java:63)
at org.testng.internal.invokers.TestInvoker$MethodInvocationAgent.invoke(TestInvoker.java:995)
at org.testng.internal.invokers.TestInvoker.invokeTestMethods(TestInvoker.java:203)
at org.testng.internal.invokers.TestMethodWorker.invokeTestMethods(TestMethodWorker.java:154)
at org.testng.internal.invokers.TestMethodWorker.run(TestMethodWorker.java:134)
at java.base/java.util.concurrent.Executors$RunnableAdapter.call(Executors.java:545)
at java.base/java.util.concurrent.FutureTask.run(FutureTask.java:328)
at org.testng.internal.thread.graph.TestNGFutureTask.run(TestNGFutureTask.java:22)
at java.base/java.util.concurrent.ThreadPoolExecutor.runWorker(ThreadPoolExecutor.java:1090)
at java.base/java.util.concurrent.ThreadPoolExecutor$Worker.run(ThreadPoolExecutor.java:614)
at java.base/java.lang.Thread.run(Thread.java:1474)
]]>
            </full-stacktrace>
          </exception> <!-- org.openqa.selenium.NoSuchElementException -->
          <reporter-output>
          </reporter-output>
        </test-method> <!-- TC15 -->
        <test-method is-config="true" signature="afterMethod()[pri:0, instance:Railway.BookTicketTest@52e6fdee]" started-at="2026-02-21T17:29:13 GMT+07:00" name="afterMethod" finished-at="2026-02-21T17:29:14 GMT+07:00" duration-ms="358" status="PASS">
          <reporter-output>
          </reporter-output>
        </test-method> <!-- afterMethod -->
      </class> <!-- Railway.BookTicketTest -->
      <class name="Railway.LogoutTest">
        <test-method is-config="true" signature="beforeMethod(java.lang.String)[pri:0, instance:Railway.LogoutTest@4d9e68d0]" started-at="2026-02-21T17:24:54 GMT+07:00" name="beforeMethod" finished-at="2026-02-21T17:24:56 GMT+07:00" duration-ms="1649" status="PASS">
          <params>
            <param index="0">
              <value>
                <![CDATA[firefox]]>
              </value>
            </param>
          </params>
          <reporter-output>
          </reporter-output>
        </test-method> <!-- beforeMethod -->
        <test-method signature="TC06()[pri:0, instance:Railway.LogoutTest@4d9e68d0]" started-at="2026-02-21T17:24:56 GMT+07:00" name="TC06" finished-at="2026-02-21T17:25:04 GMT+07:00" duration-ms="7966" status="PASS">
          <reporter-output>
          </reporter-output>
        </test-method> <!-- TC06 -->
        <test-method is-config="true" signature="afterMethod()[pri:0, instance:Railway.LogoutTest@4d9e68d0]" started-at="2026-02-21T17:25:04 GMT+07:00" name="afterMethod" finished-at="2026-02-21T17:25:04 GMT+07:00" duration-ms="336" status="PASS">
          <reporter-output>
          </reporter-output>
        </test-method> <!-- afterMethod -->
      </class> <!-- Railway.LogoutTest -->
    </test> <!-- Test -->
  </suite> <!-- Railway Automation Test Suite -->
</testng-results>
