<?xml version="1.0" encoding="UTF-8"?>
<testng-results ignored="0" total="1" passed="1" failed="0" skipped="0">
  <reporter-output>
  </reporter-output>
  <suite started-at="2026-02-04T16:45:51 GMT+07:00" name="Default suite" finished-at="2026-02-04T16:46:01 GMT+07:00" duration-ms="9879">
    <groups>
    </groups>
    <test started-at="2026-02-04T16:45:51 GMT+07:00" name="Default test" finished-at="2026-02-04T16:46:01 GMT+07:00" duration-ms="9879">
      <class name="Railway.LogoutTest">
        <test-method is-config="true" signature="beforeMethod()[pri:0, instance:Railway.LogoutTest@7a69b07]" started-at="2026-02-04T16:45:51 GMT+07:00" name="beforeMethod" finished-at="2026-02-04T16:45:52 GMT+07:00" duration-ms="1197" status="PASS">
          <reporter-output>
          </reporter-output>
        </test-method> <!-- beforeMethod -->
        <test-method signature="TC06()[pri:0, instance:Railway.LogoutTest@7a69b07]" started-at="2026-02-04T16:45:52 GMT+07:00" name="TC06" finished-at="2026-02-04T16:46:00 GMT+07:00" duration-ms="8584" status="PASS">
          <reporter-output>
          </reporter-output>
        </test-method> <!-- TC06 -->
        <test-method is-config="true" signature="afterMethod()[pri:0, instance:Railway.LogoutTest@7a69b07]" started-at="2026-02-04T16:46:00 GMT+07:00" name="afterMethod" finished-at="2026-02-04T16:46:01 GMT+07:00" duration-ms="87" status="PASS">
          <reporter-output>
          </reporter-output>
        </test-method> <!-- afterMethod -->
      </class> <!-- Railway.LogoutTest -->
    </test> <!-- Default test -->
  </suite> <!-- Default suite -->
</testng-results>
