<?xml version="1.0" encoding="UTF-8"?>
<testng-results ignored="4" total="5" passed="1" failed="0" skipped="0">
  <reporter-output>
  </reporter-output>
  <suite started-at="2026-02-06T08:14:49 GMT+07:00" name="Default suite" finished-at="2026-02-06T08:14:55 GMT+07:00" duration-ms="6471">
    <groups>
    </groups>
    <test started-at="2026-02-06T08:14:49 GMT+07:00" name="Default test" finished-at="2026-02-06T08:14:55 GMT+07:00" duration-ms="6471">
      <class name="Railway.LoginTest">
        <test-method is-config="true" signature="beforeMethod()[pri:0, instance:Railway.LoginTest@50b472aa]" started-at="2026-02-06T08:14:49 GMT+07:00" name="beforeMethod" finished-at="2026-02-06T08:14:50 GMT+07:00" duration-ms="1209" status="PASS">
          <reporter-output>
          </reporter-output>
        </test-method> <!-- beforeMethod -->
        <test-method signature="TC01()[pri:0, instance:Railway.LoginTest@50b472aa]" started-at="2026-02-06T08:14:50 GMT+07:00" name="TC01" finished-at="2026-02-06T08:14:55 GMT+07:00" duration-ms="5163" status="PASS">
          <reporter-output>
          </reporter-output>
        </test-method> <!-- TC01 -->
        <test-method is-config="true" signature="afterMethod()[pri:0, instance:Railway.LoginTest@50b472aa]" started-at="2026-02-06T08:14:55 GMT+07:00" name="afterMethod" finished-at="2026-02-06T08:14:55 GMT+07:00" duration-ms="87" status="PASS">
          <reporter-output>
          </reporter-output>
        </test-method> <!-- afterMethod -->
      </class> <!-- Railway.LoginTest -->
    </test> <!-- Default test -->
  </suite> <!-- Default suite -->
</testng-results>
