<?xml version="1.0" encoding="UTF-8"?>
<testng-results ignored="3" total="4" passed="1" failed="0" skipped="0">
  <reporter-output>
  </reporter-output>
  <suite started-at="2026-02-10T00:12:26 GMT+07:00" name="Default suite" finished-at="2026-02-10T00:12:53 GMT+07:00" duration-ms="26913">
    <groups>
    </groups>
    <test started-at="2026-02-10T00:12:26 GMT+07:00" name="Default test" finished-at="2026-02-10T00:12:53 GMT+07:00" duration-ms="26913">
      <class name="Railway.BookTicketTest">
        <test-method is-config="true" signature="beforeMethod()[pri:0, instance:Railway.BookTicketTest@1725dc0f]" started-at="2026-02-10T00:12:26 GMT+07:00" name="beforeMethod" finished-at="2026-02-10T00:12:27 GMT+07:00" duration-ms="1299" status="PASS">
          <reporter-output>
          </reporter-output>
        </test-method> <!-- beforeMethod -->
        <test-method signature="TC14()[pri:0, instance:Railway.BookTicketTest@1725dc0f]" started-at="2026-02-10T00:12:27 GMT+07:00" name="TC14" finished-at="2026-02-10T00:12:53 GMT+07:00" duration-ms="25602" status="PASS">
          <reporter-output>
          </reporter-output>
        </test-method> <!-- TC14 -->
        <test-method is-config="true" signature="afterMethod()[pri:0, instance:Railway.BookTicketTest@1725dc0f]" started-at="2026-02-10T00:12:53 GMT+07:00" name="afterMethod" finished-at="2026-02-10T00:12:53 GMT+07:00" duration-ms="1" status="PASS">
          <reporter-output>
          </reporter-output>
        </test-method> <!-- afterMethod -->
      </class> <!-- Railway.BookTicketTest -->
    </test> <!-- Default test -->
  </suite> <!-- Default suite -->
</testng-results>
