<?xml version="1.0" encoding="UTF-8"?>
<testng-results ignored="2" total="3" passed="1" failed="0" skipped="0">
  <reporter-output>
  </reporter-output>
  <suite started-at="2026-02-06T10:24:18 GMT+07:00" name="Default suite" finished-at="2026-02-06T10:24:48 GMT+07:00" duration-ms="30851">
    <groups>
    </groups>
    <test started-at="2026-02-06T10:24:18 GMT+07:00" name="Default test" finished-at="2026-02-06T10:24:48 GMT+07:00" duration-ms="30851">
      <class name="Railway.CreateAccount">
        <test-method is-config="true" signature="beforeMethod()[pri:0, instance:Railway.CreateAccount@6ca8564a]" started-at="2026-02-06T10:24:18 GMT+07:00" name="beforeMethod" finished-at="2026-02-06T10:24:19 GMT+07:00" duration-ms="1261" status="PASS">
          <reporter-output>
          </reporter-output>
        </test-method> <!-- beforeMethod -->
        <test-method signature="TC09()[pri:0, instance:Railway.CreateAccount@6ca8564a]" started-at="2026-02-06T10:24:19 GMT+07:00" name="TC09" finished-at="2026-02-06T10:24:48 GMT+07:00" duration-ms="29476" status="PASS">
          <reporter-output>
          </reporter-output>
        </test-method> <!-- TC09 -->
        <test-method is-config="true" signature="afterMethod()[pri:0, instance:Railway.CreateAccount@6ca8564a]" started-at="2026-02-06T10:24:48 GMT+07:00" name="afterMethod" finished-at="2026-02-06T10:24:48 GMT+07:00" duration-ms="101" status="PASS">
          <reporter-output>
          </reporter-output>
        </test-method> <!-- afterMethod -->
      </class> <!-- Railway.CreateAccount -->
    </test> <!-- Default test -->
  </suite> <!-- Default suite -->
</testng-results>
