<?xml version="1.0" encoding="UTF-8"?>
<testng-results ignored="1" total="2" passed="1" failed="0" skipped="0">
  <reporter-output>
  </reporter-output>
  <suite started-at="2026-02-07T19:09:20 GMT+07:00" name="Default suite" finished-at="2026-02-07T19:10:20 GMT+07:00" duration-ms="60046">
    <groups>
    </groups>
    <test started-at="2026-02-07T19:09:20 GMT+07:00" name="Default test" finished-at="2026-02-07T19:10:20 GMT+07:00" duration-ms="60046">
      <class name="Railway.ResetPassword">
        <test-method is-config="true" signature="beforeMethod()[pri:0, instance:Railway.ResetPassword@636be97c]" started-at="2026-02-07T19:09:20 GMT+07:00" name="beforeMethod" finished-at="2026-02-07T19:09:21 GMT+07:00" duration-ms="1622" status="PASS">
          <reporter-output>
          </reporter-output>
        </test-method> <!-- beforeMethod -->
        <test-method signature="TC11()[pri:0, instance:Railway.ResetPassword@636be97c]" started-at="2026-02-07T19:09:21 GMT+07:00" name="TC11" finished-at="2026-02-07T19:10:20 GMT+07:00" duration-ms="58301" status="PASS">
          <reporter-output>
          </reporter-output>
        </test-method> <!-- TC11 -->
        <test-method is-config="true" signature="afterMethod()[pri:0, instance:Railway.ResetPassword@636be97c]" started-at="2026-02-07T19:10:20 GMT+07:00" name="afterMethod" finished-at="2026-02-07T19:10:20 GMT+07:00" duration-ms="110" status="PASS">
          <reporter-output>
          </reporter-output>
        </test-method> <!-- afterMethod -->
      </class> <!-- Railway.ResetPassword -->
    </test> <!-- Default test -->
  </suite> <!-- Default suite -->
</testng-results>
