<?xml version="1.0" encoding="UTF-8"?>
<!-- Generated by org.testng.reporters.JUnitReportReporter -->
<testsuite hostname="MacBook-Air-cua-Manh.local" failures="0" tests="3" name="Railway.CreateAccountTest" time="34.992" errors="0" timestamp="2026-02-16T16:08:31 GMT+07:00" skipped="0">
  <testcase classname="Railway.CreateAccountTest" name="TC09" time="25.050"/>
  <testcase classname="Railway.CreateAccountTest" name="TC07" time="5.020"/>
  <testcase classname="Railway.CreateAccountTest" name="TC08" time="4.922"/>
</testsuite> <!-- Railway.CreateAccountTest -->
