<?xml version="1.0" encoding="UTF-8"?>
<!-- Generated by org.testng.reporters.JUnitReportReporter -->
<testsuite hostname="MacBook-Air-cua-Manh.local" failures="0" tests="3" name="Railway.CreateAccount" time="34.725" errors="0" timestamp="2026-02-07T07:40:39 GMT+07:00" skipped="0">
  <testcase classname="Railway.CreateAccount" name="TC07" time="5.047"/>
  <testcase classname="Railway.CreateAccount" name="TC09" time="24.693"/>
  <testcase classname="Railway.CreateAccount" name="TC08" time="4.985"/>
</testsuite> <!-- Railway.CreateAccount -->
