<?xml version="1.0" encoding="UTF-8"?>
<!-- Generated by org.testng.reporters.JUnitReportReporter -->
<testsuite hostname="MacBook-Air-cua-Manh.local" failures="0" tests="3" name="Railway.CreateAccountTest" time="35.243" errors="0" timestamp="2026-02-21T09:36:23 GMT+07:00" skipped="0">
  <testcase classname="Railway.CreateAccountTest" name="TC08" time="5.724"/>
  <testcase classname="Railway.CreateAccountTest" name="TC07" time="4.849"/>
  <testcase classname="Railway.CreateAccountTest" name="TC09" time="24.670"/>
</testsuite> <!-- Railway.CreateAccountTest -->
