<?xml version="1.0" encoding="UTF-8"?>
<!-- Generated by org.testng.reporters.JUnitXMLReporter -->
<testsuite ignored="0" hostname="MacBook-Air-cua-Manh.local" failures="5" tests="16" name="Test" time="272.806" errors="0" timestamp="2026-02-11T23:27:10 GMT+07:00">
  <testcase classname="Railway.LoginTest" name="TC01" time="4.341"/>
  <testcase classname="Railway.LoginTest" name="TC02" time="3.96"/>
  <testcase classname="Railway.LoginTest" name="TC03" time="4.009">
    <failure type="java.lang.AssertionError" message="Error message is not displayed as expected expected [There was a problem with your login and/or errors exist in your form.] but found [Invalid username or password. Please try again.]">
      <![CDATA[java.lang.AssertionError: Error message is not displayed as expected expected [There was a problem with your login and/or errors exist in your form.] but found [Invalid username or password. Please try again.]
at Railway.LoginTest.TC03(LoginTest.java:96)
at java.base/java.util.concurrent.Executors$RunnableAdapter.call(Executors.java:545)
at java.base/java.util.concurrent.FutureTask.run(FutureTask.java:328)
at java.base/java.util.concurrent.ThreadPoolExecutor.runWorker(ThreadPoolExecutor.java:1090)
at java.base/java.util.concurrent.ThreadPoolExecutor$Worker.run(ThreadPoolExecutor.java:614)
at java.base/java.lang.Thread.run(Thread.java:1474)
... Removed 16 stack frames]]>
    </failure>
  </testcase> <!-- TC03 -->
  <testcase classname="Railway.LoginTest" name="TC04" time="5.909">
    <failure type="java.lang.AssertionError" message="Error message is not displayed as expected expected [You have used 4 out of 5 login attempts. After all 5 have been used, you will be unable to login for 15 minutes.] but found [Invalid username or password. Please try again.]">
      <![CDATA[java.lang.AssertionError: Error message is not displayed as expected expected [You have used 4 out of 5 login attempts. After all 5 have been used, you will be unable to login for 15 minutes.] but found [Invalid username or password. Please try again.]
at Railway.LoginTest.TC04(LoginTest.java:131)
at java.base/java.util.concurrent.Executors$RunnableAdapter.call(Executors.java:545)
at java.base/java.util.concurrent.FutureTask.run(FutureTask.java:328)
at java.base/java.util.concurrent.ThreadPoolExecutor.runWorker(ThreadPoolExecutor.java:1090)
at java.base/java.util.concurrent.ThreadPoolExecutor$Worker.run(ThreadPoolExecutor.java:614)
at java.base/java.lang.Thread.run(Thread.java:1474)
... Removed 16 stack frames]]>
    </failure>
  </testcase> <!-- TC04 -->
  <testcase classname="Railway.LoginTest" name="TC05" time="6.537"/>
  <testcase classname="Railway.LogoutTest" name="TC06" time="6.146"/>
  <testcase classname="Railway.CreateAccountTest" name="TC07" time="3.887"/>
  <testcase classname="Railway.CreateAccountTest" name="TC08" time="3.756"/>
  <testcase classname="Railway.CreateAccountTest" name="TC09" time="22.981"/>
  <testcase classname="Railway.ResetPasswordTest" name="TC10" time="40.508">
    <failure type="java.lang.AssertionError" message="Error message when reset password is not displayed as expected expected [The new password cannot be the same with the current password] but found [Password changed! Click here to login.]">
      <![CDATA[java.lang.AssertionError: Error message when reset password is not displayed as expected expected [The new password cannot be the same with the current password] but found [Password changed! Click here to login.]
at Railway.ResetPasswordTest.TC10(ResetPasswordTest.java:57)
at java.base/java.util.concurrent.Executors$RunnableAdapter.call(Executors.java:545)
at java.base/java.util.concurrent.FutureTask.run(FutureTask.java:328)
at java.base/java.util.concurrent.ThreadPoolExecutor.runWorker(ThreadPoolExecutor.java:1090)
at java.base/java.util.concurrent.ThreadPoolExecutor$Worker.run(ThreadPoolExecutor.java:614)
at java.base/java.lang.Thread.run(Thread.java:1474)
... Removed 16 stack frames]]>
    </failure>
  </testcase> <!-- TC10 -->
  <testcase classname="Railway.ResetPasswordTest" name="TC11" time="41.686"/>
  <testcase classname="Railway.BookTicketTest" name="TC12" time="25.874"/>
  <testcase classname="Railway.BookTicketTest" name="TC13" time="26.832"/>
  <testcase classname="Railway.BookTicketTest" name="TC14" time="25.811"/>
  <testcase classname="Railway.BookTicketTest" name="TC15" time="25.602">
    <failure type="org.openqa.selenium.NoSuchElementException" message="Cannot locate option with text: 2/12/2026
For documentation on this error, please visit: https://www.selenium.dev/documentation/webdriver/troubleshooting/errors#nosuchelementexception
Build info: version: &amp;apos;4.40.0&amp;apos;, revision: &amp;apos;b3333f1&amp;apos;
System info: os.name: &amp;apos;Mac OS X&amp;apos;, os.arch: &amp;apos;aarch64&amp;apos;, os.version: &amp;apos;15.7.3&amp;apos;, java.version: &amp;apos;25.0.2&amp;apos;
Driver info: driver.version: unknown">
      <![CDATA[org.openqa.selenium.NoSuchElementException: Cannot locate option with text: 2/12/2026
For documentation on this error, please visit: https://www.selenium.dev/documentation/webdriver/troubleshooting/errors#nosuchelementexception
Build info: version: '4.40.0', revision: 'b3333f1'
System info: os.name: 'Mac OS X', os.arch: 'aarch64', os.version: '15.7.3', java.version: '25.0.2'
Driver info: driver.version: unknown
at org.openqa.selenium.support.ui.Select.selectByVisibleText(Select.java:400)
at org.openqa.selenium.support.ui.Select.selectByVisibleText(Select.java:128)
at Railway.BookTicketPage.selectDepartDate(BookTicketPage.java:65)
at Railway.BookTicketPage.bookNewTicketWithCurrentRoute(BookTicketPage.java:116)
at Railway.BookTicketTest.TC15(BookTicketTest.java:231)
at java.base/java.util.concurrent.Executors$RunnableAdapter.call(Executors.java:545)
at java.base/java.util.concurrent.FutureTask.run(FutureTask.java:328)
at java.base/java.util.concurrent.ThreadPoolExecutor.runWorker(ThreadPoolExecutor.java:1090)
at java.base/java.util.concurrent.ThreadPoolExecutor$Worker.run(ThreadPoolExecutor.java:614)
at java.base/java.lang.Thread.run(Thread.java:1474)
... Removed 11 stack frames]]>
    </failure>
  </testcase> <!-- TC15 -->
  <testcase classname="Railway.CancelBookingTest" name="TC16" time="6.661">
    <failure type="java.lang.AssertionError" message="Ticket is not disappeared as expected expected [false] but found [true]">
      <![CDATA[java.lang.AssertionError: Ticket is not disappeared as expected expected [false] but found [true]
at Railway.CancelBookingTest.TC16(CancelBookingTest.java:53)
at java.base/java.util.concurrent.Executors$RunnableAdapter.call(Executors.java:545)
at java.base/java.util.concurrent.FutureTask.run(FutureTask.java:328)
at java.base/java.util.concurrent.ThreadPoolExecutor.runWorker(ThreadPoolExecutor.java:1090)
at java.base/java.util.concurrent.ThreadPoolExecutor$Worker.run(ThreadPoolExecutor.java:614)
at java.base/java.lang.Thread.run(Thread.java:1474)
... Removed 14 stack frames]]>
    </failure>
  </testcase> <!-- TC16 -->
</testsuite> <!-- Test -->
